# JRE version: OpenJDK Runtime Environment (11.0.11+9) (build 11.0.11+9-b60-7590822)
# Java VM: OpenJDK 64-Bit Server VM (11.0.11+9-b60-7590822, mixed mode, tiered, compressed oops, g1 gc, windows-amd64)
Heap:
 garbage-first heap   total 415744K, used 137240K [0x0000000080000000, 0x0000000100000000)
  region size 1024K, 7 young (7168K), 7 survivors (7168K)
 Metaspace       used 98110K, capacity 100575K, committed 100720K, reserved 1136640K
  class space    used 12424K, capacity 13311K, committed 13388K, reserved 1048576K
GC Heap History (20 events):
Event: 66.021 GC heap after
{Heap after GC invocations=68 (full 0):
 garbage-first heap   total 157696K, used 128979K [0x0000000080000000, 0x0000000100000000)
  region size 1024K, 1 young (1024K), 1 survivors (1024K)
 Metaspace       used 98083K, capacity 100577K, committed 100720K, reserved 1136640K
  class space    used 12426K, capacity 13313K, committed 13388K, reserved 1048576K
}
Event: 66.047 GC heap before
{Heap before GC invocations=68 (full 0):
 garbage-first heap   total 157696K, used 137171K [0x0000000080000000, 0x0000000100000000)
  region size 1024K, 9 young (9216K), 1 survivors (1024K)
 Metaspace       used 98084K, capacity 100577K, committed 100720K, reserved 1136640K
  class space    used 12426K, capacity 13313K, committed 13388K, reserved 1048576K
}
Event: 66.048 GC heap after
{Heap after GC invocations=69 (full 0):
 garbage-first heap   total 157696K, used 128957K [0x0000000080000000, 0x0000000100000000)
  region size 1024K, 1 young (1024K), 1 survivors (1024K)
 Metaspace       used 98084K, capacity 100577K, committed 100720K, reserved 1136640K
  class space    used 12426K, capacity 13313K, committed 13388K, reserved 1048576K
}
Event: 66.084 GC heap before
{Heap before GC invocations=70 (full 0):
 garbage-first heap   total 157696K, used 138173K [0x0000000080000000, 0x0000000100000000)
  region size 1024K, 9 young (9216K), 1 survivors (1024K)
 Metaspace       used 98084K, capacity 100577K, committed 100720K, reserved 1136640K
  class space    used 12426K, capacity 13313K, committed 13388K, reserved 1048576K
}
Event: 66.086 GC heap after
{Heap after GC invocations=71 (full 0):
 garbage-first heap   total 190464K, used 131034K [0x0000000080000000, 0x0000000100000000)
  region size 1024K, 1 young (1024K), 1 survivors (1024K)
 Metaspace       used 98084K, capacity 100577K, committed 100720K, reserved 1136640K
  class space    used 12426K, capacity 13313K, committed 13388K, reserved 1048576K
}
Event: 66.135 GC heap before
{Heap before GC invocations=71 (full 0):
 garbage-first heap   total 190464K, used 153562K [0x0000000080000000, 0x0000000100000000)
  region size 1024K, 24 young (24576K), 1 survivors (1024K)
 Metaspace       used 98090K, capacity 100579K, committed 100720K, reserved 1136640K
  class space    used 12426K, capacity 13313K, committed 13388K, reserved 1048576K
}
Event: 66.138 GC heap after
{Heap after GC invocations=72 (full 0):
 garbage-first heap   total 190464K, used 131146K [0x0000000080000000, 0x0000000100000000)
  region size 1024K, 3 young (3072K), 3 survivors (3072K)
 Metaspace       used 98090K, capacity 100579K, committed 100720K, reserved 1136640K
  class space    used 12426K, capacity 13313K, committed 13388K, reserved 1048576K
}
Event: 66.187 GC heap before
{Heap before GC invocations=72 (full 0):
 garbage-first heap   total 190464K, used 154698K [0x0000000080000000, 0x0000000100000000)
  region size 1024K, 27 young (27648K), 3 survivors (3072K)
 Metaspace       used 98092K, capacity 100579K, committed 100720K, reserved 1136640K
  class space    used 12426K, capacity 13313K, committed 13388K, reserved 1048576K
}
Event: 66.189 GC heap after
{Heap after GC invocations=73 (full 0):
 garbage-first heap   total 190464K, used 132533K [0x0000000080000000, 0x0000000100000000)
  region size 1024K, 2 young (2048K), 2 survivors (2048K)
 Metaspace       used 98092K, capacity 100579K, committed 100720K, reserved 1136640K
  class space    used 12426K, capacity 13313K, committed 13388K, reserved 1048576K
}
Event: 66.259 GC heap before
{Heap before GC invocations=73 (full 0):
 garbage-first heap   total 190464K, used 158133K [0x0000000080000000, 0x0000000100000000)
  region size 1024K, 27 young (27648K), 2 survivors (2048K)
 Metaspace       used 98094K, capacity 100579K, committed 100720K, reserved 1136640K
  class space    used 12426K, capacity 13313K, committed 13388K, reserved 1048576K
}
Event: 66.260 GC heap after
{Heap after GC invocations=74 (full 0):
 garbage-first heap   total 190464K, used 132596K [0x0000000080000000, 0x0000000100000000)
  region size 1024K, 2 young (2048K), 2 survivors (2048K)
 Metaspace       used 98094K, capacity 100579K, committed 100720K, reserved 1136640K
  class space    used 12426K, capacity 13313K, committed 13388K, reserved 1048576K
}
Event: 66.335 GC heap before
{Heap before GC invocations=74 (full 0):
 garbage-first heap   total 190464K, used 159220K [0x0000000080000000, 0x0000000100000000)
  region size 1024K, 28 young (28672K), 2 survivors (2048K)
 Metaspace       used 98095K, capacity 100579K, committed 100720K, reserved 1136640K
  class space    used 12426K, capacity 13313K, committed 13388K, reserved 1048576K
}
Event: 66.340 GC heap after
{Heap after GC invocations=75 (full 0):
 garbage-first heap   total 303104K, used 132635K [0x0000000080000000, 0x0000000100000000)
  region size 1024K, 2 young (2048K), 2 survivors (2048K)
 Metaspace       used 98095K, capacity 100579K, committed 100720K, reserved 1136640K
  class space    used 12426K, capacity 13313K, committed 13388K, reserved 1048576K
}
Event: 66.945 GC heap before
{Heap before GC invocations=76 (full 0):
 garbage-first heap   total 303104K, used 210459K [0x0000000080000000, 0x0000000100000000)
  region size 1024K, 78 young (79872K), 2 survivors (2048K)
 Metaspace       used 98099K, capacity 100575K, committed 100720K, reserved 1136640K
  class space    used 12424K, capacity 13311K, committed 13388K, reserved 1048576K
}
Event: 66.949 GC heap after
{Heap after GC invocations=77 (full 0):
 garbage-first heap   total 303104K, used 132629K [0x0000000080000000, 0x0000000100000000)
  region size 1024K, 2 young (2048K), 2 survivors (2048K)
 Metaspace       used 98099K, capacity 100575K, committed 100720K, reserved 1136640K
  class space    used 12424K, capacity 13311K, committed 13388K, reserved 1048576K
}
Event: 67.158 GC heap before
{Heap before GC invocations=77 (full 0):
 garbage-first heap   total 303104K, used 215573K [0x0000000080000000, 0x0000000100000000)
  region size 1024K, 83 young (84992K), 2 survivors (2048K)
 Metaspace       used 98101K, capacity 100575K, committed 100720K, reserved 1136640K
  class space    used 12424K, capacity 13311K, committed 13388K, reserved 1048576K
}
Event: 67.161 GC heap after
{Heap after GC invocations=78 (full 0):
 garbage-first heap   total 303104K, used 133950K [0x0000000080000000, 0x0000000100000000)
  region size 1024K, 3 young (3072K), 3 survivors (3072K)
 Metaspace       used 98101K, capacity 100575K, committed 100720K, reserved 1136640K
  class space    used 12424K, capacity 13311K, committed 13388K, reserved 1048576K
}
Event: 67.356 GC heap before
{Heap before GC invocations=78 (full 0):
 garbage-first heap   total 303104K, used 222014K [0x0000000080000000, 0x0000000100000000)
  region size 1024K, 89 young (91136K), 3 survivors (3072K)
 Metaspace       used 98105K, capacity 100575K, committed 100720K, reserved 1136640K
  class space    used 12424K, capacity 13311K, committed 13388K, reserved 1048576K
}
Event: 67.361 GC heap after
{Heap after GC invocations=79 (full 0):
 garbage-first heap   total 303104K, used 136290K [0x0000000080000000, 0x0000000100000000)
  region size 1024K, 6 young (6144K), 6 survivors (6144K)
 Metaspace       used 98105K, capacity 100575K, committed 100720K, reserved 1136640K
  class space    used 12424K, capacity 13311K, committed 13388K, reserved 1048576K
}
Event: 67.609 GC heap before
{Heap before GC invocations=79 (full 0):
 garbage-first heap   total 303104K, used 228450K [0x0000000080000000, 0x0000000100000000)
  region size 1024K, 96 young (98304K), 6 survivors (6144K)
 Metaspace       used 98110K, capacity 100575K, committed 100720K, reserved 1136640K
  class space    used 12424K, capacity 13311K, committed 13388K, reserved 1048576K
}

